<?xml version="1.0" encoding="UTF-8"?>
<!-- Generated by org.testng.reporters.JUnitReportReporter -->
<testsuite hostname="DESKTOP-BC7A87T" failures="0" tests="15" name="batch2.String1" time="37.362" errors="0" timestamp="2025-01-25T13:37:33 IST" skipped="0">
  <testcase classname="batch2.String1" name="test" time="2.534"/>
  <testcase classname="batch2.String1" name="test" time="2.574"/>
  <testcase classname="batch2.String1" name="test" time="2.522"/>
  <testcase classname="batch2.String1" name="test" time="2.576"/>
  <testcase classname="batch2.String1" name="test" time="2.640"/>
  <testcase classname="batch2.String1" name="test" time="2.184"/>
  <testcase classname="batch2.String1" name="test" time="2.643"/>
  <testcase classname="batch2.String1" name="test" time="2.796"/>
  <testcase classname="batch2.String1" name="test" time="2.422"/>
  <testcase classname="batch2.String1" name="test" time="2.517"/>
  <testcase classname="batch2.String1" name="test" time="2.423"/>
  <testcase classname="batch2.String1" name="test" time="2.180"/>
  <testcase classname="batch2.String1" name="test" time="2.117"/>
  <testcase classname="batch2.String1" name="test" time="2.781"/>
  <testcase classname="batch2.String1" name="test" time="2.453"/>
</testsuite> <!-- batch2.String1 -->
