<?xml version="1.0" encoding="UTF-8"?>
<!-- Generated by org.testng.reporters.JUnitReportReporter -->
<testsuite hostname="DESKTOP-BC7A87T" failures="0" tests="5" name="testNG.pMain" time="0.007" errors="0" timestamp="2025-01-11T20:02:04 IST" skipped="0">
  <testcase classname="testNG.pMain" name="test3" time="0.001"/>
  <testcase classname="testNG.pMain" name="test1" time="0.002"/>
  <testcase classname="testNG.pMain" name="test5" time="0.002"/>
  <testcase classname="testNG.pMain" name="test4" time="0.001"/>
  <testcase classname="testNG.pMain" name="test2" time="0.001"/>
  <system-out>
    <![CDATA[Hello tesxtNG
HELLOW TEXTNG]]>
  </system-out>
</testsuite> <!-- testNG.pMain -->
