<?xml version="1.0" encoding="UTF-8"?>
<!-- Generated by org.testng.reporters.JUnitReportReporter -->
<testsuite hostname="DESKTOP-BC7A87T" failures="0" tests="1" name="Demo.pMain" time="3.837" errors="0" timestamp="2025-01-12T18:45:18 IST" skipped="0">
  <testcase classname="Demo.pMain" name="main" time="3.837"/>
</testsuite> <!-- Demo.pMain -->
