<?xml version="1.0" encoding="UTF-8"?>
<!-- Generated by org.testng.reporters.JUnitReportReporter -->
<testsuite hostname="DESKTOP-BC7A87T" failures="0" tests="1" name="Demo.p" time="4.992" errors="0" timestamp="2025-01-11T12:58:50 IST" skipped="0">
  <testcase classname="Demo.p" name="random" time="4.992"/>
</testsuite> <!-- Demo.p -->
