<?xml version="1.0" encoding="UTF-8"?>
<!-- Generated by org.testng.reporters.JUnitReportReporter -->
<testsuite hostname="DESKTOP-BC7A87T" failures="0" tests="1" name="POM.practice" time="0.010" errors="0" timestamp="2025-01-18T13:45:19 IST" skipped="0">
  <testcase classname="POM.practice" name="test" time="0.010"/>
</testsuite> <!-- POM.practice -->
