<?xml version="1.0" encoding="UTF-8"?>
<!-- Generated by org.testng.reporters.JUnitReportReporter -->
<testsuite hostname="DESKTOP-BC7A87T" failures="0" tests="1" name="testNG.practice" time="0.002" errors="0" timestamp="2025-01-24T09:28:48 IST" skipped="0">
  <testcase classname="testNG.practice" name="script" time="0.002">
    <system-out>
      <![CDATA[Hello tesxtNG
HELLOW TEXTNG]]>
    </system-out>
  </testcase> <!-- script -->
  <system-out>
    <![CDATA[Hello tesxtNG
HELLOW TEXTNG]]>
  </system-out>
</testsuite> <!-- testNG.practice -->
