<?xml version="1.0" encoding="UTF-8"?>
<!-- Generated by org.testng.reporters.JUnitReportReporter -->
<testsuite hostname="DESKTOP-BC7A87T" failures="0" tests="1" name="batch1.Test3" time="0.001" errors="0" timestamp="2025-01-23T19:12:52 IST" skipped="0">
  <testcase classname="batch1.Test3" name="test3" time="0.001"/>
</testsuite> <!-- batch1.Test3 -->
