<?xml version="1.0" encoding="UTF-8"?>
<!-- Generated by org.testng.reporters.JUnitReportReporter -->
<testsuite hostname="DESKTOP-BC7A87T" failures="0" tests="2" name="POM.TestNGAnnotations" time="0.000" errors="0" timestamp="2025-01-24T09:28:48 IST" skipped="0">
  <testcase classname="POM.TestNGAnnotations" name="testMethod1" time="0.000"/>
  <testcase classname="POM.TestNGAnnotations" name="testMethod2" time="0.000"/>
  <system-out>
    <![CDATA[Hello tesxtNG
HELLOW TEXTNG]]>
  </system-out>
</testsuite> <!-- POM.TestNGAnnotations -->
