<?xml version="1.0" encoding="UTF-8"?>
<!-- Generated by org.testng.reporters.JUnitReportReporter -->
<testsuite hostname="DESKTOP-BC7A87T" failures="0" tests="11" name="testNG.invocation" time="0.002" errors="0" timestamp="2025-01-24T09:28:48 IST" skipped="0">
  <testcase classname="testNG.invocation" name="test1" time="0.000"/>
  <testcase classname="testNG.invocation" name="test1" time="0.001"/>
  <testcase classname="testNG.invocation" name="test2" time="0.000"/>
  <testcase classname="testNG.invocation" name="test1" time="0.000"/>
  <testcase classname="testNG.invocation" name="test4" time="0.000"/>
  <testcase classname="testNG.invocation" name="test1" time="0.000"/>
  <testcase classname="testNG.invocation" name="test1" time="0.000"/>
  <testcase classname="testNG.invocation" name="test3" time="0.000"/>
  <testcase classname="testNG.invocation" name="test1" time="0.000"/>
  <testcase classname="testNG.invocation" name="test1" time="0.001"/>
  <testcase classname="testNG.invocation" name="test1" time="0.000"/>
  <system-out>
    <![CDATA[Hello tesxtNG
HELLOW TEXTNG]]>
  </system-out>
</testsuite> <!-- testNG.invocation -->
