<?xml version="1.0" encoding="UTF-8"?>
<!-- Generated by org.testng.reporters.JUnitReportReporter -->
<testsuite hostname="DESKTOP-BC7A87T" failures="0" tests="1" name="Demo.GoogleMain" time="0.565" errors="0" timestamp="2025-01-11T23:41:30 IST" skipped="0">
  <testcase classname="Demo.GoogleMain" name="test1" time="0.565"/>
</testsuite> <!-- Demo.GoogleMain -->
