<?xml version="1.0" encoding="UTF-8"?>
<!-- Generated by org.testng.reporters.JUnitReportReporter -->
<testsuite hostname="DESKTOP-BC7A87T" failures="0" tests="3" name="testNG.Method_Run" time="0.003" errors="0" timestamp="2025-01-24T09:28:48 IST" skipped="0">
  <testcase classname="testNG.Method_Run" name="CloseAc" time="0.000"/>
  <testcase classname="testNG.Method_Run" name="creatAc" time="0.001"/>
  <testcase classname="testNG.Method_Run" name="EditAc" time="0.002"/>
  <system-out>
    <![CDATA[Hello tesxtNG
HELLOW TEXTNG]]>
  </system-out>
</testsuite> <!-- testNG.Method_Run -->
