<?xml version="1.0" encoding="UTF-8"?>
<!-- Generated by org.testng.reporters.JUnitReportReporter -->
<testsuite hostname="DESKTOP-BC7A87T" failures="0" tests="2" name="testNG.dependOnMethod" time="0.003" errors="0" timestamp="2025-01-24T09:28:48 IST" skipped="0">
  <testcase classname="testNG.dependOnMethod" name="creatAc" time="0.002"/>
  <testcase classname="testNG.dependOnMethod" name="EditAc" time="0.001"/>
  <system-out>
    <![CDATA[Hello tesxtNG
HELLOW TEXTNG]]>
  </system-out>
</testsuite> <!-- testNG.dependOnMethod -->
