<?xml version="1.0" encoding="UTF-8"?>
<!-- Generated by org.testng.reporters.JUnitReportReporter -->
<testsuite hostname="DESKTOP-BC7A87T" failures="0" tests="1" name="practiceTestNG.Test3_method" time="0.203" errors="0" timestamp="2025-01-15T14:57:09 IST" skipped="0">
  <testcase classname="practiceTestNG.Test3_method" name="Test3" time="0.203"/>
</testsuite> <!-- practiceTestNG.Test3_method -->
