<?xml version="1.0" encoding="UTF-8"?>
<!-- Generated by org.testng.reporters.JUnitReportReporter -->
<testsuite hostname="DESKTOP-BC7A87T" failures="0" tests="1" name="batch2.String3" time="0.012" errors="0" timestamp="2025-01-25T10:04:27 IST" skipped="0">
  <testcase classname="batch2.String3" name="test3" time="0.012"/>
</testsuite> <!-- batch2.String3 -->
