<?xml version="1.0" encoding="UTF-8"?>
<!-- Generated by org.testng.reporters.JUnitReportReporter -->
<testsuite hostname="DESKTOP-BC7A87T" failures="0" tests="4" name="testNG.priority_Methods" time="0.003" errors="0" timestamp="2025-01-24T09:28:48 IST" skipped="0">
  <testcase classname="testNG.priority_Methods" name="test1" time="0.001"/>
  <testcase classname="testNG.priority_Methods" name="test3" time="0.000"/>
  <testcase classname="testNG.priority_Methods" name="test4" time="0.001"/>
  <testcase classname="testNG.priority_Methods" name="test2" time="0.001"/>
  <system-out>
    <![CDATA[Hello tesxtNG
HELLOW TEXTNG]]>
  </system-out>
</testsuite> <!-- testNG.priority_Methods -->
