<?xml version="1.0" encoding="UTF-8"?>
<!-- Generated by org.testng.reporters.JUnitReportReporter -->
<testsuite hostname="DESKTOP-BC7A87T" failures="0" tests="1" name="Test_Scenarios.TestMethod_facebook" time="1.313" errors="0" timestamp="2025-01-24T09:28:48 IST" skipped="0">
  <testcase classname="Test_Scenarios.TestMethod_facebook" name="FillingDetailsOperation" time="1.313"/>
  <system-out>
    <![CDATA[Hello tesxtNG
HELLOW TEXTNG]]>
  </system-out>
</testsuite> <!-- Test_Scenarios.TestMethod_facebook -->
