<?xml version="1.0" encoding="UTF-8"?>
<!-- Generated by org.testng.reporters.JUnitReportReporter -->
<testsuite hostname="DESKTOP-BC7A87T" failures="0" tests="1" name="POM.practiceMain" time="0.477" errors="0" timestamp="2025-01-17T19:18:14 IST" skipped="0">
  <testcase classname="POM.practiceMain" name="test" time="0.477"/>
</testsuite> <!-- POM.practiceMain -->
