<?xml version="1.0" encoding="UTF-8"?>
<!-- Generated by org.testng.reporters.JUnitReportReporter -->
<testsuite hostname="DESKTOP-BC7A87T" failures="0" tests="7" name="batch2.String2" time="5.294" errors="0" timestamp="2025-01-25T10:38:23 IST" skipped="0">
  <testcase classname="batch2.String2" name="CharArray" time="0.006"/>
  <testcase classname="batch2.String2" name="reverseInPlace" time="0.000"/>
  <testcase classname="batch2.String2" name="frequency" time="5.283"/>
  <testcase classname="batch2.String2" name="vowels" time="0.001"/>
  <testcase classname="batch2.String2" name="FirstWord" time="0.001"/>
  <testcase classname="batch2.String2" name="Words" time="0.002"/>
  <testcase classname="batch2.String2" name="palindrome" time="0.001"/>
</testsuite> <!-- batch2.String2 -->
