<?xml version="1.0" encoding="UTF-8"?>
<!-- Generated by org.testng.reporters.JUnitReportReporter -->
<testsuite hostname="DESKTOP-BC7A87T" failures="0" tests="1" name="Test_Scenarios.TestMethods_GoogleSearch" time="5.116" errors="0" timestamp="2025-01-24T09:28:48 IST" skipped="0">
  <testcase classname="Test_Scenarios.TestMethods_GoogleSearch" name="searchOperation" time="5.116"/>
  <system-out>
    <![CDATA[Hello tesxtNG
HELLOW TEXTNG]]>
  </system-out>
</testsuite> <!-- Test_Scenarios.TestMethods_GoogleSearch -->
