<?xml version="1.0" encoding="UTF-8"?>
<!-- Generated by org.testng.reporters.JUnitReportReporter -->
<testsuite hostname="DESKTOP-BC7A87T" failures="0" tests="1" name="batch1.Test2" time="0.002" errors="0" timestamp="2025-01-23T19:54:36 IST" skipped="0">
  <testcase classname="batch1.Test2" name="test2" time="0.002"/>
</testsuite> <!-- batch1.Test2 -->
