<?xml version="1.0" encoding="UTF-8"?>
<!-- Generated by org.testng.reporters.JUnitReportReporter -->
<testsuite hostname="DESKTOP-BC7A87T" failures="0" tests="1" name="batch3.Test6" time="0.001" errors="0" timestamp="2025-01-23T19:12:52 IST" skipped="0">
  <testcase classname="batch3.Test6" name="test6" time="0.001"/>
</testsuite> <!-- batch3.Test6 -->
