<?xml version="1.0" encoding="UTF-8"?>
<!-- Generated by org.testng.reporters.JUnitReportReporter -->
<testsuite hostname="DESKTOP-BC7A87T" failures="0" tests="1" name="POM.fatcowMethod" time="27.178" errors="0" timestamp="2025-01-17T20:11:09 IST" skipped="0">
  <testcase classname="POM.fatcowMethod" name="main" time="27.178"/>
</testsuite> <!-- POM.fatcowMethod -->
